12-Aug-2025 09:17:40.752 정보 [main] org.apache.catalina.startup.VersionLoggerListener.log 서버 버전 이름:    Apache Tomcat/10.1.43
12-Aug-2025 09:17:40.757 정보 [main] org.apache.catalina.startup.VersionLoggerListener.log Server 빌드 시각:  Jul 1 2025 21:30:20 UTC
12-Aug-2025 09:17:40.757 정보 [main] org.apache.catalina.startup.VersionLoggerListener.log Server 버전 번호:  10.1.43.0
12-Aug-2025 09:17:40.757 정보 [main] org.apache.catalina.startup.VersionLoggerListener.log 운영체제 이름:     Windows 11
12-Aug-2025 09:17:40.758 정보 [main] org.apache.catalina.startup.VersionLoggerListener.log 운영체제 버전:     10.0
12-Aug-2025 09:17:40.758 정보 [main] org.apache.catalina.startup.VersionLoggerListener.log 아키텍처:          amd64
12-Aug-2025 09:17:40.758 정보 [main] org.apache.catalina.startup.VersionLoggerListener.log 자바 홈:           C:\Users\leehe\.jdks\ms-21.0.8
12-Aug-2025 09:17:40.758 정보 [main] org.apache.catalina.startup.VersionLoggerListener.log JVM 버전:          21.0.8+9-LTS
12-Aug-2025 09:17:40.758 정보 [main] org.apache.catalina.startup.VersionLoggerListener.log JVM 벤더:          Microsoft
12-Aug-2025 09:17:40.758 정보 [main] org.apache.catalina.startup.VersionLoggerListener.log CATALINA_BASE:     C:\Users\leehe\Desktop\bootcamp\jsp_board_2508
12-Aug-2025 09:17:40.758 정보 [main] org.apache.catalina.startup.VersionLoggerListener.log CATALINA_HOME:     C:\Users\leehe\Desktop\bootcamp\jsp_board\apache-tomcat-10.1.43
12-Aug-2025 09:17:40.767 정보 [main] org.apache.catalina.startup.VersionLoggerListener.log 명령 행 아규먼트:  --add-opens=java.base/java.lang=ALL-UNNAMED
12-Aug-2025 09:17:40.767 정보 [main] org.apache.catalina.startup.VersionLoggerListener.log 명령 행 아규먼트:  --add-opens=java.base/java.io=ALL-UNNAMED
12-Aug-2025 09:17:40.767 정보 [main] org.apache.catalina.startup.VersionLoggerListener.log 명령 행 아규먼트:  --add-opens=java.base/java.util=ALL-UNNAMED
12-Aug-2025 09:17:40.767 정보 [main] org.apache.catalina.startup.VersionLoggerListener.log 명령 행 아규먼트:  --add-opens=java.base/java.util.concurrent=ALL-UNNAMED
12-Aug-2025 09:17:40.767 정보 [main] org.apache.catalina.startup.VersionLoggerListener.log 명령 행 아규먼트:  --add-opens=java.rmi/sun.rmi.transport=ALL-UNNAMED
12-Aug-2025 09:17:40.768 정보 [main] org.apache.catalina.startup.VersionLoggerListener.log 명령 행 아규먼트:  -Dcatalina.home=C:\Users\leehe\Desktop\bootcamp\jsp_board\apache-tomcat-10.1.43
12-Aug-2025 09:17:40.768 정보 [main] org.apache.catalina.startup.VersionLoggerListener.log 명령 행 아규먼트:  -Dcatalina.base=C:\Users\leehe\Desktop\bootcamp\jsp_board_2508
12-Aug-2025 09:17:40.768 정보 [main] org.apache.catalina.startup.VersionLoggerListener.log 명령 행 아규먼트:  -Djava.io.tmpdir=C:\Users\leehe\Desktop\bootcamp\jsp_board_2508\temp
12-Aug-2025 09:17:40.768 정보 [main] org.apache.catalina.startup.VersionLoggerListener.log 명령 행 아규먼트:  -Djava.util.logging.config.file=C:\Users\leehe\Desktop\bootcamp\jsp_board_2508\conf\logging.properties
12-Aug-2025 09:17:40.768 정보 [main] org.apache.catalina.startup.VersionLoggerListener.log 명령 행 아규먼트:  -Djava.util.logging.manager=org.apache.juli.ClassLoaderLogManager
12-Aug-2025 09:17:40.768 정보 [main] org.apache.catalina.startup.VersionLoggerListener.log 명령 행 아규먼트:  -javaagent:C:\Program Files\JetBrains\IntelliJ IDEA 2025.1.3\lib\idea_rt.jar=64085
12-Aug-2025 09:17:40.768 정보 [main] org.apache.catalina.startup.VersionLoggerListener.log 명령 행 아규먼트:  -Dfile.encoding=UTF-8
12-Aug-2025 09:17:40.769 정보 [main] org.apache.catalina.startup.VersionLoggerListener.log 명령 행 아규먼트:  -Dsun.stdout.encoding=UTF-8
12-Aug-2025 09:17:40.769 정보 [main] org.apache.catalina.startup.VersionLoggerListener.log 명령 행 아규먼트:  -Dsun.stderr.encoding=UTF-8
12-Aug-2025 09:17:40.783 정보 [main] org.apache.catalina.core.AprLifecycleListener.lifecycleEvent 프로덕션 환경들에서 최적의 성능을 제공하는, APR 기반 Apache Tomcat Native 라이브러리가, 다음 java.library.path에서 발견되지 않습니다: [C:\Users\leehe\.jdks\ms-21.0.8\bin;C:\WINDOWS\Sun\Java\bin;C:\WINDOWS\system32;C:\WINDOWS;C:\WINDOWS\system32;C:\WINDOWS;C:\WINDOWS\System32\Wbem;C:\WINDOWS\System32\WindowsPowerShell\v1.0\;C:\WINDOWS\System32\OpenSSH\;C:\Program Files (x86)\NVIDIA Corporation\PhysX\Common;C:\Program Files\NVIDIA Corporation\NVIDIA app\NvDLISR;C:\MinGW\bin;C:\Program Files\dotnet\;C:\Program Files (x86)\Windows Kits\10\Windows Performance Toolkit\;C:\Users\leehe\AppData\Local\Programs\Python\Python313;C:\Users\leehe\AppData\Local\Programs\Python\Python313\Scripts;C:\Program Files\Git\cmd;C:\Program Files\nodejs\;C:\Program Files\Docker\Docker\resources\bin;c:\Users\leehe\AppData\Local\Programs\cursor\resources\app\bin;C:\Program Files\Bandizip\;C:\Users\leehe\AppData\Local\Programs\Python\Launcher\;C:\Users\leehe\AppData\Local\Microsoft\WindowsApps;C:\MinGW\bin;C:\Users\leehe\.dotnet\tools;C:\Users\leehe\AppData\Local\Programs\Python\Python313;C:\Users\leehe\AppData\Local\Programs\Python\Python313\Scripts;C:\Users\leehe\AppData\Local\Programs\Microsoft VS Code\bin;C:\Users\leehe\AppData\Roaming\npm;C:\Program Files\JetBrains\IntelliJ IDEA 2025.1.3\bin;;C:\Users\leehe\AppData\Local\Programs\cursor\resources\app\bin;.]
12-Aug-2025 09:17:41.059 정보 [main] org.apache.coyote.AbstractProtocol.init 프로토콜 핸들러 ["http-nio-8080"]을(를) 초기화합니다.
12-Aug-2025 09:17:41.079 정보 [main] org.apache.catalina.startup.Catalina.load [526] 밀리초 내에 서버가 초기화되었습니다.
12-Aug-2025 09:17:41.149 정보 [main] org.apache.catalina.core.StandardService.startInternal 서비스 [Catalina]을(를) 시작합니다.
12-Aug-2025 09:17:41.149 정보 [main] org.apache.catalina.core.StandardEngine.startInternal 서버 엔진을 시작합니다: [Apache Tomcat/10.1.43]
12-Aug-2025 09:17:41.158 정보 [main] org.apache.catalina.startup.HostConfig.deployDescriptor 배치 descriptor [C:\Users\leehe\Desktop\bootcamp\jsp_board_2508\conf\Catalina\localhost\ROOT.xml]을(를) 배치합니다.
12-Aug-2025 09:17:42.049 정보 [main] org.apache.jasper.servlet.TldScanner.scanJars 적어도 하나의 JAR가 TLD들을 찾기 위해 스캔되었으나 아무 것도 찾지 못했습니다. 스캔했으나 TLD가 없는 JAR들의 전체 목록을 보시려면, 로그 레벨을 디버그 레벨로 설정하십시오. 스캔 과정에서 불필요한 JAR들을 건너뛰면, 시스템 시작 시간과 JSP 컴파일 시간을 단축시킬 수 있습니다.
12-Aug-2025 09:17:42.126 정보 [main] org.apache.catalina.startup.HostConfig.deployDescriptor 배치 descriptor [C:\Users\leehe\Desktop\bootcamp\jsp_board_2508\conf\Catalina\localhost\ROOT.xml]의 배치가 [965] 밀리초 내에 완료되었습니다.
12-Aug-2025 09:17:42.129 정보 [main] org.apache.coyote.AbstractProtocol.start 프로토콜 핸들러 ["http-nio-8080"]을(를) 시작합니다.
12-Aug-2025 09:17:42.151 정보 [main] org.apache.catalina.startup.Catalina.start 서버가 [1070] 밀리초 내에 시작되었습니다.
12-Aug-2025 09:35:51.428 정보 [Thread-1] org.apache.coyote.AbstractProtocol.pause 프로토콜 핸들러 ["http-nio-8080"]을(를) 일시 정지 중
12-Aug-2025 09:35:51.435 정보 [Thread-1] org.apache.catalina.core.StandardService.stopInternal 서비스 [Catalina]을(를) 중지시킵니다.
12-Aug-2025 09:35:51.445 정보 [Thread-1] org.apache.coyote.AbstractProtocol.stop 프로토콜 핸들러 ["http-nio-8080"]을(를) 중지시킵니다.
12-Aug-2025 09:35:51.447 정보 [Thread-1] org.apache.coyote.AbstractProtocol.destroy 프로토콜 핸들러 ["http-nio-8080"]을(를) 소멸시킵니다.
12-Aug-2025 09:35:52.920 정보 [main] org.apache.catalina.startup.VersionLoggerListener.log 서버 버전 이름:    Apache Tomcat/10.1.43
12-Aug-2025 09:35:52.929 정보 [main] org.apache.catalina.startup.VersionLoggerListener.log Server 빌드 시각:  Jul 1 2025 21:30:20 UTC
12-Aug-2025 09:35:52.930 정보 [main] org.apache.catalina.startup.VersionLoggerListener.log Server 버전 번호:  10.1.43.0
12-Aug-2025 09:35:52.930 정보 [main] org.apache.catalina.startup.VersionLoggerListener.log 운영체제 이름:     Windows 11
12-Aug-2025 09:35:52.931 정보 [main] org.apache.catalina.startup.VersionLoggerListener.log 운영체제 버전:     10.0
12-Aug-2025 09:35:52.931 정보 [main] org.apache.catalina.startup.VersionLoggerListener.log 아키텍처:          amd64
12-Aug-2025 09:35:52.931 정보 [main] org.apache.catalina.startup.VersionLoggerListener.log 자바 홈:           C:\Users\leehe\.jdks\ms-21.0.8
12-Aug-2025 09:35:52.931 정보 [main] org.apache.catalina.startup.VersionLoggerListener.log JVM 버전:          21.0.8+9-LTS
12-Aug-2025 09:35:52.931 정보 [main] org.apache.catalina.startup.VersionLoggerListener.log JVM 벤더:          Microsoft
12-Aug-2025 09:35:52.931 정보 [main] org.apache.catalina.startup.VersionLoggerListener.log CATALINA_BASE:     C:\Users\leehe\Desktop\bootcamp\jsp_board_2508
12-Aug-2025 09:35:52.931 정보 [main] org.apache.catalina.startup.VersionLoggerListener.log CATALINA_HOME:     C:\Users\leehe\Desktop\bootcamp\jsp_board\apache-tomcat-10.1.43
12-Aug-2025 09:35:52.944 정보 [main] org.apache.catalina.startup.VersionLoggerListener.log 명령 행 아규먼트:  --add-opens=java.base/java.lang=ALL-UNNAMED
12-Aug-2025 09:35:52.944 정보 [main] org.apache.catalina.startup.VersionLoggerListener.log 명령 행 아규먼트:  --add-opens=java.base/java.io=ALL-UNNAMED
12-Aug-2025 09:35:52.944 정보 [main] org.apache.catalina.startup.VersionLoggerListener.log 명령 행 아규먼트:  --add-opens=java.base/java.util=ALL-UNNAMED
12-Aug-2025 09:35:52.945 정보 [main] org.apache.catalina.startup.VersionLoggerListener.log 명령 행 아규먼트:  --add-opens=java.base/java.util.concurrent=ALL-UNNAMED
12-Aug-2025 09:35:52.945 정보 [main] org.apache.catalina.startup.VersionLoggerListener.log 명령 행 아규먼트:  --add-opens=java.rmi/sun.rmi.transport=ALL-UNNAMED
12-Aug-2025 09:35:52.946 정보 [main] org.apache.catalina.startup.VersionLoggerListener.log 명령 행 아규먼트:  -Dcatalina.home=C:\Users\leehe\Desktop\bootcamp\jsp_board\apache-tomcat-10.1.43
12-Aug-2025 09:35:52.946 정보 [main] org.apache.catalina.startup.VersionLoggerListener.log 명령 행 아규먼트:  -Dcatalina.base=C:\Users\leehe\Desktop\bootcamp\jsp_board_2508
12-Aug-2025 09:35:52.946 정보 [main] org.apache.catalina.startup.VersionLoggerListener.log 명령 행 아규먼트:  -Djava.io.tmpdir=C:\Users\leehe\Desktop\bootcamp\jsp_board_2508\temp
12-Aug-2025 09:35:52.947 정보 [main] org.apache.catalina.startup.VersionLoggerListener.log 명령 행 아규먼트:  -Djava.util.logging.config.file=C:\Users\leehe\Desktop\bootcamp\jsp_board_2508\conf\logging.properties
12-Aug-2025 09:35:52.947 정보 [main] org.apache.catalina.startup.VersionLoggerListener.log 명령 행 아규먼트:  -Djava.util.logging.manager=org.apache.juli.ClassLoaderLogManager
12-Aug-2025 09:35:52.947 정보 [main] org.apache.catalina.startup.VersionLoggerListener.log 명령 행 아규먼트:  -javaagent:C:\Program Files\JetBrains\IntelliJ IDEA 2025.1.3\lib\idea_rt.jar=59482
12-Aug-2025 09:35:52.947 정보 [main] org.apache.catalina.startup.VersionLoggerListener.log 명령 행 아규먼트:  -Dfile.encoding=UTF-8
12-Aug-2025 09:35:52.947 정보 [main] org.apache.catalina.startup.VersionLoggerListener.log 명령 행 아규먼트:  -Dsun.stdout.encoding=UTF-8
12-Aug-2025 09:35:52.947 정보 [main] org.apache.catalina.startup.VersionLoggerListener.log 명령 행 아규먼트:  -Dsun.stderr.encoding=UTF-8
12-Aug-2025 09:35:52.966 정보 [main] org.apache.catalina.core.AprLifecycleListener.lifecycleEvent 프로덕션 환경들에서 최적의 성능을 제공하는, APR 기반 Apache Tomcat Native 라이브러리가, 다음 java.library.path에서 발견되지 않습니다: [C:\Users\leehe\.jdks\ms-21.0.8\bin;C:\WINDOWS\Sun\Java\bin;C:\WINDOWS\system32;C:\WINDOWS;C:\WINDOWS\system32;C:\WINDOWS;C:\WINDOWS\System32\Wbem;C:\WINDOWS\System32\WindowsPowerShell\v1.0\;C:\WINDOWS\System32\OpenSSH\;C:\Program Files (x86)\NVIDIA Corporation\PhysX\Common;C:\Program Files\NVIDIA Corporation\NVIDIA app\NvDLISR;C:\MinGW\bin;C:\Program Files\dotnet\;C:\Program Files (x86)\Windows Kits\10\Windows Performance Toolkit\;C:\Users\leehe\AppData\Local\Programs\Python\Python313;C:\Users\leehe\AppData\Local\Programs\Python\Python313\Scripts;C:\Program Files\Git\cmd;C:\Program Files\nodejs\;C:\Program Files\Docker\Docker\resources\bin;c:\Users\leehe\AppData\Local\Programs\cursor\resources\app\bin;C:\Program Files\Bandizip\;C:\Users\leehe\AppData\Local\Programs\Python\Launcher\;C:\Users\leehe\AppData\Local\Microsoft\WindowsApps;C:\MinGW\bin;C:\Users\leehe\.dotnet\tools;C:\Users\leehe\AppData\Local\Programs\Python\Python313;C:\Users\leehe\AppData\Local\Programs\Python\Python313\Scripts;C:\Users\leehe\AppData\Local\Programs\Microsoft VS Code\bin;C:\Users\leehe\AppData\Roaming\npm;C:\Program Files\JetBrains\IntelliJ IDEA 2025.1.3\bin;;C:\Users\leehe\AppData\Local\Programs\cursor\resources\app\bin;.]
12-Aug-2025 09:35:53.238 정보 [main] org.apache.coyote.AbstractProtocol.init 프로토콜 핸들러 ["http-nio-8080"]을(를) 초기화합니다.
12-Aug-2025 09:35:53.256 정보 [main] org.apache.catalina.startup.Catalina.load [552] 밀리초 내에 서버가 초기화되었습니다.
12-Aug-2025 09:35:53.308 정보 [main] org.apache.catalina.core.StandardService.startInternal 서비스 [Catalina]을(를) 시작합니다.
12-Aug-2025 09:35:53.308 정보 [main] org.apache.catalina.core.StandardEngine.startInternal 서버 엔진을 시작합니다: [Apache Tomcat/10.1.43]
12-Aug-2025 09:35:53.322 정보 [main] org.apache.catalina.startup.HostConfig.deployDescriptor 배치 descriptor [C:\Users\leehe\Desktop\bootcamp\jsp_board_2508\conf\Catalina\localhost\ROOT.xml]을(를) 배치합니다.
12-Aug-2025 09:35:53.823 정보 [main] org.apache.jasper.servlet.TldScanner.scanJars 적어도 하나의 JAR가 TLD들을 찾기 위해 스캔되었으나 아무 것도 찾지 못했습니다. 스캔했으나 TLD가 없는 JAR들의 전체 목록을 보시려면, 로그 레벨을 디버그 레벨로 설정하십시오. 스캔 과정에서 불필요한 JAR들을 건너뛰면, 시스템 시작 시간과 JSP 컴파일 시간을 단축시킬 수 있습니다.
12-Aug-2025 09:35:53.907 정보 [main] org.apache.catalina.startup.HostConfig.deployDescriptor 배치 descriptor [C:\Users\leehe\Desktop\bootcamp\jsp_board_2508\conf\Catalina\localhost\ROOT.xml]의 배치가 [582] 밀리초 내에 완료되었습니다.
12-Aug-2025 09:35:53.911 정보 [main] org.apache.coyote.AbstractProtocol.start 프로토콜 핸들러 ["http-nio-8080"]을(를) 시작합니다.
12-Aug-2025 09:35:53.934 정보 [main] org.apache.catalina.startup.Catalina.start 서버가 [676] 밀리초 내에 시작되었습니다.
12-Aug-2025 09:36:32.340 정보 [Thread-1] org.apache.coyote.AbstractProtocol.pause 프로토콜 핸들러 ["http-nio-8080"]을(를) 일시 정지 중
12-Aug-2025 09:36:32.348 정보 [Thread-1] org.apache.catalina.core.StandardService.stopInternal 서비스 [Catalina]을(를) 중지시킵니다.
12-Aug-2025 09:36:32.355 정보 [Thread-1] org.apache.coyote.AbstractProtocol.stop 프로토콜 핸들러 ["http-nio-8080"]을(를) 중지시킵니다.
12-Aug-2025 09:36:32.365 정보 [Thread-1] org.apache.coyote.AbstractProtocol.destroy 프로토콜 핸들러 ["http-nio-8080"]을(를) 소멸시킵니다.
12-Aug-2025 09:36:34.978 정보 [main] org.apache.catalina.startup.VersionLoggerListener.log 서버 버전 이름:    Apache Tomcat/10.1.43
12-Aug-2025 09:36:34.982 정보 [main] org.apache.catalina.startup.VersionLoggerListener.log Server 빌드 시각:  Jul 1 2025 21:30:20 UTC
12-Aug-2025 09:36:34.982 정보 [main] org.apache.catalina.startup.VersionLoggerListener.log Server 버전 번호:  10.1.43.0
12-Aug-2025 09:36:34.982 정보 [main] org.apache.catalina.startup.VersionLoggerListener.log 운영체제 이름:     Windows 11
12-Aug-2025 09:36:34.983 정보 [main] org.apache.catalina.startup.VersionLoggerListener.log 운영체제 버전:     10.0
12-Aug-2025 09:36:34.983 정보 [main] org.apache.catalina.startup.VersionLoggerListener.log 아키텍처:          amd64
12-Aug-2025 09:36:34.983 정보 [main] org.apache.catalina.startup.VersionLoggerListener.log 자바 홈:           C:\Users\leehe\.jdks\ms-21.0.8
12-Aug-2025 09:36:34.983 정보 [main] org.apache.catalina.startup.VersionLoggerListener.log JVM 버전:          21.0.8+9-LTS
12-Aug-2025 09:36:34.983 정보 [main] org.apache.catalina.startup.VersionLoggerListener.log JVM 벤더:          Microsoft
12-Aug-2025 09:36:34.983 정보 [main] org.apache.catalina.startup.VersionLoggerListener.log CATALINA_BASE:     C:\Users\leehe\Desktop\bootcamp\jsp_board_2508
12-Aug-2025 09:36:34.983 정보 [main] org.apache.catalina.startup.VersionLoggerListener.log CATALINA_HOME:     C:\Users\leehe\Desktop\bootcamp\jsp_board\apache-tomcat-10.1.43
12-Aug-2025 09:36:34.991 정보 [main] org.apache.catalina.startup.VersionLoggerListener.log 명령 행 아규먼트:  --add-opens=java.base/java.lang=ALL-UNNAMED
12-Aug-2025 09:36:34.991 정보 [main] org.apache.catalina.startup.VersionLoggerListener.log 명령 행 아규먼트:  --add-opens=java.base/java.io=ALL-UNNAMED
12-Aug-2025 09:36:34.992 정보 [main] org.apache.catalina.startup.VersionLoggerListener.log 명령 행 아규먼트:  --add-opens=java.base/java.util=ALL-UNNAMED
12-Aug-2025 09:36:34.992 정보 [main] org.apache.catalina.startup.VersionLoggerListener.log 명령 행 아규먼트:  --add-opens=java.base/java.util.concurrent=ALL-UNNAMED
12-Aug-2025 09:36:34.992 정보 [main] org.apache.catalina.startup.VersionLoggerListener.log 명령 행 아규먼트:  --add-opens=java.rmi/sun.rmi.transport=ALL-UNNAMED
12-Aug-2025 09:36:34.992 정보 [main] org.apache.catalina.startup.VersionLoggerListener.log 명령 행 아규먼트:  -Dcatalina.home=C:\Users\leehe\Desktop\bootcamp\jsp_board\apache-tomcat-10.1.43
12-Aug-2025 09:36:34.992 정보 [main] org.apache.catalina.startup.VersionLoggerListener.log 명령 행 아규먼트:  -Dcatalina.base=C:\Users\leehe\Desktop\bootcamp\jsp_board_2508
12-Aug-2025 09:36:34.992 정보 [main] org.apache.catalina.startup.VersionLoggerListener.log 명령 행 아규먼트:  -Djava.io.tmpdir=C:\Users\leehe\Desktop\bootcamp\jsp_board_2508\temp
12-Aug-2025 09:36:34.992 정보 [main] org.apache.catalina.startup.VersionLoggerListener.log 명령 행 아규먼트:  -Djava.util.logging.config.file=C:\Users\leehe\Desktop\bootcamp\jsp_board_2508\conf\logging.properties
12-Aug-2025 09:36:34.992 정보 [main] org.apache.catalina.startup.VersionLoggerListener.log 명령 행 아규먼트:  -Djava.util.logging.manager=org.apache.juli.ClassLoaderLogManager
12-Aug-2025 09:36:34.992 정보 [main] org.apache.catalina.startup.VersionLoggerListener.log 명령 행 아규먼트:  -javaagent:C:\Program Files\JetBrains\IntelliJ IDEA 2025.1.3\lib\idea_rt.jar=55789
12-Aug-2025 09:36:34.993 정보 [main] org.apache.catalina.startup.VersionLoggerListener.log 명령 행 아규먼트:  -Dfile.encoding=UTF-8
12-Aug-2025 09:36:34.993 정보 [main] org.apache.catalina.startup.VersionLoggerListener.log 명령 행 아규먼트:  -Dsun.stdout.encoding=UTF-8
12-Aug-2025 09:36:34.993 정보 [main] org.apache.catalina.startup.VersionLoggerListener.log 명령 행 아규먼트:  -Dsun.stderr.encoding=UTF-8
12-Aug-2025 09:36:35.006 정보 [main] org.apache.catalina.core.AprLifecycleListener.lifecycleEvent 프로덕션 환경들에서 최적의 성능을 제공하는, APR 기반 Apache Tomcat Native 라이브러리가, 다음 java.library.path에서 발견되지 않습니다: [C:\Users\leehe\.jdks\ms-21.0.8\bin;C:\WINDOWS\Sun\Java\bin;C:\WINDOWS\system32;C:\WINDOWS;C:\WINDOWS\system32;C:\WINDOWS;C:\WINDOWS\System32\Wbem;C:\WINDOWS\System32\WindowsPowerShell\v1.0\;C:\WINDOWS\System32\OpenSSH\;C:\Program Files (x86)\NVIDIA Corporation\PhysX\Common;C:\Program Files\NVIDIA Corporation\NVIDIA app\NvDLISR;C:\MinGW\bin;C:\Program Files\dotnet\;C:\Program Files (x86)\Windows Kits\10\Windows Performance Toolkit\;C:\Users\leehe\AppData\Local\Programs\Python\Python313;C:\Users\leehe\AppData\Local\Programs\Python\Python313\Scripts;C:\Program Files\Git\cmd;C:\Program Files\nodejs\;C:\Program Files\Docker\Docker\resources\bin;c:\Users\leehe\AppData\Local\Programs\cursor\resources\app\bin;C:\Program Files\Bandizip\;C:\Users\leehe\AppData\Local\Programs\Python\Launcher\;C:\Users\leehe\AppData\Local\Microsoft\WindowsApps;C:\MinGW\bin;C:\Users\leehe\.dotnet\tools;C:\Users\leehe\AppData\Local\Programs\Python\Python313;C:\Users\leehe\AppData\Local\Programs\Python\Python313\Scripts;C:\Users\leehe\AppData\Local\Programs\Microsoft VS Code\bin;C:\Users\leehe\AppData\Roaming\npm;C:\Program Files\JetBrains\IntelliJ IDEA 2025.1.3\bin;;C:\Users\leehe\AppData\Local\Programs\cursor\resources\app\bin;.]
12-Aug-2025 09:36:35.257 정보 [main] org.apache.coyote.AbstractProtocol.init 프로토콜 핸들러 ["http-nio-8080"]을(를) 초기화합니다.
12-Aug-2025 09:36:35.272 정보 [main] org.apache.catalina.startup.Catalina.load [463] 밀리초 내에 서버가 초기화되었습니다.
12-Aug-2025 09:36:35.344 정보 [main] org.apache.catalina.core.StandardService.startInternal 서비스 [Catalina]을(를) 시작합니다.
12-Aug-2025 09:36:35.344 정보 [main] org.apache.catalina.core.StandardEngine.startInternal 서버 엔진을 시작합니다: [Apache Tomcat/10.1.43]
12-Aug-2025 09:36:35.355 정보 [main] org.apache.catalina.startup.HostConfig.deployDescriptor 배치 descriptor [C:\Users\leehe\Desktop\bootcamp\jsp_board_2508\conf\Catalina\localhost\ROOT.xml]을(를) 배치합니다.
12-Aug-2025 09:36:35.888 정보 [main] org.apache.jasper.servlet.TldScanner.scanJars 적어도 하나의 JAR가 TLD들을 찾기 위해 스캔되었으나 아무 것도 찾지 못했습니다. 스캔했으나 TLD가 없는 JAR들의 전체 목록을 보시려면, 로그 레벨을 디버그 레벨로 설정하십시오. 스캔 과정에서 불필요한 JAR들을 건너뛰면, 시스템 시작 시간과 JSP 컴파일 시간을 단축시킬 수 있습니다.
12-Aug-2025 09:36:35.963 정보 [main] org.apache.catalina.startup.HostConfig.deployDescriptor 배치 descriptor [C:\Users\leehe\Desktop\bootcamp\jsp_board_2508\conf\Catalina\localhost\ROOT.xml]의 배치가 [606] 밀리초 내에 완료되었습니다.
12-Aug-2025 09:36:35.968 정보 [main] org.apache.coyote.AbstractProtocol.start 프로토콜 핸들러 ["http-nio-8080"]을(를) 시작합니다.
12-Aug-2025 09:36:35.991 정보 [main] org.apache.catalina.startup.Catalina.start 서버가 [718] 밀리초 내에 시작되었습니다.
12-Aug-2025 09:45:49.239 정보 [Thread-1] org.apache.coyote.AbstractProtocol.pause 프로토콜 핸들러 ["http-nio-8080"]을(를) 일시 정지 중
12-Aug-2025 09:45:49.245 정보 [Thread-1] org.apache.catalina.core.StandardService.stopInternal 서비스 [Catalina]을(를) 중지시킵니다.
12-Aug-2025 09:45:49.252 정보 [Thread-1] org.apache.coyote.AbstractProtocol.stop 프로토콜 핸들러 ["http-nio-8080"]을(를) 중지시킵니다.
12-Aug-2025 09:45:49.256 정보 [Thread-1] org.apache.coyote.AbstractProtocol.destroy 프로토콜 핸들러 ["http-nio-8080"]을(를) 소멸시킵니다.
12-Aug-2025 09:45:50.571 정보 [main] org.apache.catalina.startup.VersionLoggerListener.log 서버 버전 이름:    Apache Tomcat/10.1.43
12-Aug-2025 09:45:50.576 정보 [main] org.apache.catalina.startup.VersionLoggerListener.log Server 빌드 시각:  Jul 1 2025 21:30:20 UTC
12-Aug-2025 09:45:50.577 정보 [main] org.apache.catalina.startup.VersionLoggerListener.log Server 버전 번호:  10.1.43.0
12-Aug-2025 09:45:50.577 정보 [main] org.apache.catalina.startup.VersionLoggerListener.log 운영체제 이름:     Windows 11
12-Aug-2025 09:45:50.578 정보 [main] org.apache.catalina.startup.VersionLoggerListener.log 운영체제 버전:     10.0
12-Aug-2025 09:45:50.578 정보 [main] org.apache.catalina.startup.VersionLoggerListener.log 아키텍처:          amd64
12-Aug-2025 09:45:50.578 정보 [main] org.apache.catalina.startup.VersionLoggerListener.log 자바 홈:           C:\Users\leehe\.jdks\ms-21.0.8
12-Aug-2025 09:45:50.578 정보 [main] org.apache.catalina.startup.VersionLoggerListener.log JVM 버전:          21.0.8+9-LTS
12-Aug-2025 09:45:50.578 정보 [main] org.apache.catalina.startup.VersionLoggerListener.log JVM 벤더:          Microsoft
12-Aug-2025 09:45:50.578 정보 [main] org.apache.catalina.startup.VersionLoggerListener.log CATALINA_BASE:     C:\Users\leehe\Desktop\bootcamp\jsp_board_2508
12-Aug-2025 09:45:50.578 정보 [main] org.apache.catalina.startup.VersionLoggerListener.log CATALINA_HOME:     C:\Users\leehe\Desktop\bootcamp\jsp_board\apache-tomcat-10.1.43
12-Aug-2025 09:45:50.589 정보 [main] org.apache.catalina.startup.VersionLoggerListener.log 명령 행 아규먼트:  --add-opens=java.base/java.lang=ALL-UNNAMED
12-Aug-2025 09:45:50.589 정보 [main] org.apache.catalina.startup.VersionLoggerListener.log 명령 행 아규먼트:  --add-opens=java.base/java.io=ALL-UNNAMED
12-Aug-2025 09:45:50.589 정보 [main] org.apache.catalina.startup.VersionLoggerListener.log 명령 행 아규먼트:  --add-opens=java.base/java.util=ALL-UNNAMED
12-Aug-2025 09:45:50.589 정보 [main] org.apache.catalina.startup.VersionLoggerListener.log 명령 행 아규먼트:  --add-opens=java.base/java.util.concurrent=ALL-UNNAMED
12-Aug-2025 09:45:50.590 정보 [main] org.apache.catalina.startup.VersionLoggerListener.log 명령 행 아규먼트:  --add-opens=java.rmi/sun.rmi.transport=ALL-UNNAMED
12-Aug-2025 09:45:50.590 정보 [main] org.apache.catalina.startup.VersionLoggerListener.log 명령 행 아규먼트:  -Dcatalina.home=C:\Users\leehe\Desktop\bootcamp\jsp_board\apache-tomcat-10.1.43
12-Aug-2025 09:45:50.590 정보 [main] org.apache.catalina.startup.VersionLoggerListener.log 명령 행 아규먼트:  -Dcatalina.base=C:\Users\leehe\Desktop\bootcamp\jsp_board_2508
12-Aug-2025 09:45:50.590 정보 [main] org.apache.catalina.startup.VersionLoggerListener.log 명령 행 아규먼트:  -Djava.io.tmpdir=C:\Users\leehe\Desktop\bootcamp\jsp_board_2508\temp
12-Aug-2025 09:45:50.590 정보 [main] org.apache.catalina.startup.VersionLoggerListener.log 명령 행 아규먼트:  -Djava.util.logging.config.file=C:\Users\leehe\Desktop\bootcamp\jsp_board_2508\conf\logging.properties
12-Aug-2025 09:45:50.590 정보 [main] org.apache.catalina.startup.VersionLoggerListener.log 명령 행 아규먼트:  -Djava.util.logging.manager=org.apache.juli.ClassLoaderLogManager
12-Aug-2025 09:45:50.590 정보 [main] org.apache.catalina.startup.VersionLoggerListener.log 명령 행 아규먼트:  -javaagent:C:\Program Files\JetBrains\IntelliJ IDEA 2025.1.3\lib\idea_rt.jar=63438
12-Aug-2025 09:45:50.591 정보 [main] org.apache.catalina.startup.VersionLoggerListener.log 명령 행 아규먼트:  -Dfile.encoding=UTF-8
12-Aug-2025 09:45:50.591 정보 [main] org.apache.catalina.startup.VersionLoggerListener.log 명령 행 아규먼트:  -Dsun.stdout.encoding=UTF-8
12-Aug-2025 09:45:50.591 정보 [main] org.apache.catalina.startup.VersionLoggerListener.log 명령 행 아규먼트:  -Dsun.stderr.encoding=UTF-8
12-Aug-2025 09:45:50.605 정보 [main] org.apache.catalina.core.AprLifecycleListener.lifecycleEvent 프로덕션 환경들에서 최적의 성능을 제공하는, APR 기반 Apache Tomcat Native 라이브러리가, 다음 java.library.path에서 발견되지 않습니다: [C:\Users\leehe\.jdks\ms-21.0.8\bin;C:\WINDOWS\Sun\Java\bin;C:\WINDOWS\system32;C:\WINDOWS;C:\WINDOWS\system32;C:\WINDOWS;C:\WINDOWS\System32\Wbem;C:\WINDOWS\System32\WindowsPowerShell\v1.0\;C:\WINDOWS\System32\OpenSSH\;C:\Program Files (x86)\NVIDIA Corporation\PhysX\Common;C:\Program Files\NVIDIA Corporation\NVIDIA app\NvDLISR;C:\MinGW\bin;C:\Program Files\dotnet\;C:\Program Files (x86)\Windows Kits\10\Windows Performance Toolkit\;C:\Users\leehe\AppData\Local\Programs\Python\Python313;C:\Users\leehe\AppData\Local\Programs\Python\Python313\Scripts;C:\Program Files\Git\cmd;C:\Program Files\nodejs\;C:\Program Files\Docker\Docker\resources\bin;c:\Users\leehe\AppData\Local\Programs\cursor\resources\app\bin;C:\Program Files\Bandizip\;C:\Users\leehe\AppData\Local\Programs\Python\Launcher\;C:\Users\leehe\AppData\Local\Microsoft\WindowsApps;C:\MinGW\bin;C:\Users\leehe\.dotnet\tools;C:\Users\leehe\AppData\Local\Programs\Python\Python313;C:\Users\leehe\AppData\Local\Programs\Python\Python313\Scripts;C:\Users\leehe\AppData\Local\Programs\Microsoft VS Code\bin;C:\Users\leehe\AppData\Roaming\npm;C:\Program Files\JetBrains\IntelliJ IDEA 2025.1.3\bin;;C:\Users\leehe\AppData\Local\Programs\cursor\resources\app\bin;.]
12-Aug-2025 09:45:50.881 정보 [main] org.apache.coyote.AbstractProtocol.init 프로토콜 핸들러 ["http-nio-8080"]을(를) 초기화합니다.
12-Aug-2025 09:45:50.896 정보 [main] org.apache.catalina.startup.Catalina.load [565] 밀리초 내에 서버가 초기화되었습니다.
12-Aug-2025 09:45:50.950 정보 [main] org.apache.catalina.core.StandardService.startInternal 서비스 [Catalina]을(를) 시작합니다.
12-Aug-2025 09:45:50.950 정보 [main] org.apache.catalina.core.StandardEngine.startInternal 서버 엔진을 시작합니다: [Apache Tomcat/10.1.43]
12-Aug-2025 09:45:50.962 정보 [main] org.apache.catalina.startup.HostConfig.deployDescriptor 배치 descriptor [C:\Users\leehe\Desktop\bootcamp\jsp_board_2508\conf\Catalina\localhost\ROOT.xml]을(를) 배치합니다.
12-Aug-2025 09:45:51.482 정보 [main] org.apache.jasper.servlet.TldScanner.scanJars 적어도 하나의 JAR가 TLD들을 찾기 위해 스캔되었으나 아무 것도 찾지 못했습니다. 스캔했으나 TLD가 없는 JAR들의 전체 목록을 보시려면, 로그 레벨을 디버그 레벨로 설정하십시오. 스캔 과정에서 불필요한 JAR들을 건너뛰면, 시스템 시작 시간과 JSP 컴파일 시간을 단축시킬 수 있습니다.
12-Aug-2025 09:45:51.559 정보 [main] org.apache.catalina.startup.HostConfig.deployDescriptor 배치 descriptor [C:\Users\leehe\Desktop\bootcamp\jsp_board_2508\conf\Catalina\localhost\ROOT.xml]의 배치가 [595] 밀리초 내에 완료되었습니다.
12-Aug-2025 09:45:51.563 정보 [main] org.apache.coyote.AbstractProtocol.start 프로토콜 핸들러 ["http-nio-8080"]을(를) 시작합니다.
12-Aug-2025 09:45:51.585 정보 [main] org.apache.catalina.startup.Catalina.start 서버가 [687] 밀리초 내에 시작되었습니다.
12-Aug-2025 10:30:36.124 정보 [Thread-1] org.apache.coyote.AbstractProtocol.pause 프로토콜 핸들러 ["http-nio-8080"]을(를) 일시 정지 중
12-Aug-2025 10:30:36.129 정보 [Thread-1] org.apache.catalina.core.StandardService.stopInternal 서비스 [Catalina]을(를) 중지시킵니다.
12-Aug-2025 10:30:36.137 정보 [Thread-1] org.apache.coyote.AbstractProtocol.stop 프로토콜 핸들러 ["http-nio-8080"]을(를) 중지시킵니다.
12-Aug-2025 10:30:36.139 정보 [Thread-1] org.apache.coyote.AbstractProtocol.destroy 프로토콜 핸들러 ["http-nio-8080"]을(를) 소멸시킵니다.
