13-Aug-2025 09:30:42.127 정보 [main] org.apache.catalina.startup.VersionLoggerListener.log 서버 버전 이름:    Apache Tomcat/10.1.43
13-Aug-2025 09:30:42.131 정보 [main] org.apache.catalina.startup.VersionLoggerListener.log Server 빌드 시각:  Jul 1 2025 21:30:20 UTC
13-Aug-2025 09:30:42.131 정보 [main] org.apache.catalina.startup.VersionLoggerListener.log Server 버전 번호:  10.1.43.0
13-Aug-2025 09:30:42.131 정보 [main] org.apache.catalina.startup.VersionLoggerListener.log 운영체제 이름:     Windows 11
13-Aug-2025 09:30:42.131 정보 [main] org.apache.catalina.startup.VersionLoggerListener.log 운영체제 버전:     10.0
13-Aug-2025 09:30:42.132 정보 [main] org.apache.catalina.startup.VersionLoggerListener.log 아키텍처:          amd64
13-Aug-2025 09:30:42.132 정보 [main] org.apache.catalina.startup.VersionLoggerListener.log 자바 홈:           C:\Users\leehe\.jdks\ms-21.0.8
13-Aug-2025 09:30:42.132 정보 [main] org.apache.catalina.startup.VersionLoggerListener.log JVM 버전:          21.0.8+9-LTS
13-Aug-2025 09:30:42.132 정보 [main] org.apache.catalina.startup.VersionLoggerListener.log JVM 벤더:          Microsoft
13-Aug-2025 09:30:42.133 정보 [main] org.apache.catalina.startup.VersionLoggerListener.log CATALINA_BASE:     C:\Users\leehe\Desktop\bootcamp\jsp_board_2508
13-Aug-2025 09:30:42.133 정보 [main] org.apache.catalina.startup.VersionLoggerListener.log CATALINA_HOME:     C:\Users\leehe\Desktop\bootcamp\jsp_board\apache-tomcat-10.1.43
13-Aug-2025 09:30:42.142 정보 [main] org.apache.catalina.startup.VersionLoggerListener.log 명령 행 아규먼트:  --add-opens=java.base/java.lang=ALL-UNNAMED
13-Aug-2025 09:30:42.143 정보 [main] org.apache.catalina.startup.VersionLoggerListener.log 명령 행 아규먼트:  --add-opens=java.base/java.io=ALL-UNNAMED
13-Aug-2025 09:30:42.143 정보 [main] org.apache.catalina.startup.VersionLoggerListener.log 명령 행 아규먼트:  --add-opens=java.base/java.util=ALL-UNNAMED
13-Aug-2025 09:30:42.143 정보 [main] org.apache.catalina.startup.VersionLoggerListener.log 명령 행 아규먼트:  --add-opens=java.base/java.util.concurrent=ALL-UNNAMED
13-Aug-2025 09:30:42.143 정보 [main] org.apache.catalina.startup.VersionLoggerListener.log 명령 행 아규먼트:  --add-opens=java.rmi/sun.rmi.transport=ALL-UNNAMED
13-Aug-2025 09:30:42.143 정보 [main] org.apache.catalina.startup.VersionLoggerListener.log 명령 행 아규먼트:  -Dcatalina.home=C:\Users\leehe\Desktop\bootcamp\jsp_board\apache-tomcat-10.1.43
13-Aug-2025 09:30:42.143 정보 [main] org.apache.catalina.startup.VersionLoggerListener.log 명령 행 아규먼트:  -Dcatalina.base=C:\Users\leehe\Desktop\bootcamp\jsp_board_2508
13-Aug-2025 09:30:42.143 정보 [main] org.apache.catalina.startup.VersionLoggerListener.log 명령 행 아규먼트:  -Djava.io.tmpdir=C:\Users\leehe\Desktop\bootcamp\jsp_board_2508\temp
13-Aug-2025 09:30:42.143 정보 [main] org.apache.catalina.startup.VersionLoggerListener.log 명령 행 아규먼트:  -Djava.util.logging.config.file=C:\Users\leehe\Desktop\bootcamp\jsp_board_2508\conf\logging.properties
13-Aug-2025 09:30:42.144 정보 [main] org.apache.catalina.startup.VersionLoggerListener.log 명령 행 아규먼트:  -Djava.util.logging.manager=org.apache.juli.ClassLoaderLogManager
13-Aug-2025 09:30:42.144 정보 [main] org.apache.catalina.startup.VersionLoggerListener.log 명령 행 아규먼트:  -javaagent:C:\Program Files\JetBrains\IntelliJ IDEA 2025.1.3\lib\idea_rt.jar=64726
13-Aug-2025 09:30:42.144 정보 [main] org.apache.catalina.startup.VersionLoggerListener.log 명령 행 아규먼트:  -Dfile.encoding=UTF-8
13-Aug-2025 09:30:42.144 정보 [main] org.apache.catalina.startup.VersionLoggerListener.log 명령 행 아규먼트:  -Dsun.stdout.encoding=UTF-8
13-Aug-2025 09:30:42.144 정보 [main] org.apache.catalina.startup.VersionLoggerListener.log 명령 행 아규먼트:  -Dsun.stderr.encoding=UTF-8
13-Aug-2025 09:30:42.155 정보 [main] org.apache.catalina.core.AprLifecycleListener.lifecycleEvent 프로덕션 환경들에서 최적의 성능을 제공하는, APR 기반 Apache Tomcat Native 라이브러리가, 다음 java.library.path에서 발견되지 않습니다: [C:\Users\leehe\.jdks\ms-21.0.8\bin;C:\WINDOWS\Sun\Java\bin;C:\WINDOWS\system32;C:\WINDOWS;C:\WINDOWS\system32;C:\WINDOWS;C:\WINDOWS\System32\Wbem;C:\WINDOWS\System32\WindowsPowerShell\v1.0\;C:\WINDOWS\System32\OpenSSH\;C:\Program Files (x86)\NVIDIA Corporation\PhysX\Common;C:\Program Files\NVIDIA Corporation\NVIDIA app\NvDLISR;C:\MinGW\bin;C:\Program Files\dotnet\;C:\Program Files (x86)\Windows Kits\10\Windows Performance Toolkit\;C:\Users\leehe\AppData\Local\Programs\Python\Python313;C:\Users\leehe\AppData\Local\Programs\Python\Python313\Scripts;C:\Program Files\Git\cmd;C:\Program Files\nodejs\;C:\Program Files\Docker\Docker\resources\bin;c:\Users\leehe\AppData\Local\Programs\cursor\resources\app\bin;C:\Program Files\Bandizip\;C:\Users\leehe\AppData\Local\Programs\Python\Launcher\;C:\Users\leehe\AppData\Local\Microsoft\WindowsApps;C:\MinGW\bin;C:\Users\leehe\.dotnet\tools;C:\Users\leehe\AppData\Local\Programs\Python\Python313;C:\Users\leehe\AppData\Local\Programs\Python\Python313\Scripts;C:\Users\leehe\AppData\Local\Programs\Microsoft VS Code\bin;C:\Users\leehe\AppData\Roaming\npm;C:\Program Files\JetBrains\IntelliJ IDEA 2025.1.3\bin;;C:\Users\leehe\AppData\Local\Programs\cursor\resources\app\bin;.]
13-Aug-2025 09:30:42.424 정보 [main] org.apache.coyote.AbstractProtocol.init 프로토콜 핸들러 ["http-nio-8080"]을(를) 초기화합니다.
13-Aug-2025 09:30:42.440 정보 [main] org.apache.catalina.startup.Catalina.load [535] 밀리초 내에 서버가 초기화되었습니다.
13-Aug-2025 09:30:42.524 정보 [main] org.apache.catalina.core.StandardService.startInternal 서비스 [Catalina]을(를) 시작합니다.
13-Aug-2025 09:30:42.524 정보 [main] org.apache.catalina.core.StandardEngine.startInternal 서버 엔진을 시작합니다: [Apache Tomcat/10.1.43]
13-Aug-2025 09:30:42.534 정보 [main] org.apache.catalina.startup.HostConfig.deployDescriptor 배치 descriptor [C:\Users\leehe\Desktop\bootcamp\jsp_board_2508\conf\Catalina\localhost\ROOT.xml]을(를) 배치합니다.
13-Aug-2025 09:30:43.630 정보 [main] org.apache.jasper.servlet.TldScanner.scanJars 적어도 하나의 JAR가 TLD들을 찾기 위해 스캔되었으나 아무 것도 찾지 못했습니다. 스캔했으나 TLD가 없는 JAR들의 전체 목록을 보시려면, 로그 레벨을 디버그 레벨로 설정하십시오. 스캔 과정에서 불필요한 JAR들을 건너뛰면, 시스템 시작 시간과 JSP 컴파일 시간을 단축시킬 수 있습니다.
13-Aug-2025 09:30:43.708 정보 [main] org.apache.catalina.startup.HostConfig.deployDescriptor 배치 descriptor [C:\Users\leehe\Desktop\bootcamp\jsp_board_2508\conf\Catalina\localhost\ROOT.xml]의 배치가 [1,171] 밀리초 내에 완료되었습니다.
13-Aug-2025 09:30:43.713 정보 [main] org.apache.coyote.AbstractProtocol.start 프로토콜 핸들러 ["http-nio-8080"]을(를) 시작합니다.
13-Aug-2025 09:30:43.734 정보 [main] org.apache.catalina.startup.Catalina.start 서버가 [1291] 밀리초 내에 시작되었습니다.
13-Aug-2025 09:31:27.086 정보 [Thread-1] org.apache.coyote.AbstractProtocol.pause 프로토콜 핸들러 ["http-nio-8080"]을(를) 일시 정지 중
13-Aug-2025 09:31:27.095 정보 [Thread-1] org.apache.catalina.core.StandardService.stopInternal 서비스 [Catalina]을(를) 중지시킵니다.
13-Aug-2025 09:31:27.099 경고 [Thread-1] org.apache.catalina.loader.WebappClassLoaderBase.clearReferencesJdbc 웹 애플리케이션 [ROOT]이(가) JDBC 드라이버 [com.mysql.cj.jdbc.Driver]을(를) 등록했지만, 웹 애플리케이션이 중지될 때, 해당 JDBC 드라이버의 등록을 제거하지 못했습니다. 메모리 누수를 방지하기 위하여, 등록을 강제로 제거했습니다.
13-Aug-2025 09:31:27.100 경고 [Thread-1] org.apache.catalina.loader.WebappClassLoaderBase.clearReferencesThreads 웹 애플리케이션 [ROOT]이(가) [mysql-cj-abandoned-connection-cleanup](이)라는 이름의 쓰레드를 시작시킨 것으로 보이지만, 해당 쓰레드를 중지시키지 못했습니다. 이는 메모리 누수를 유발할 가능성이 큽니다. 해당 쓰레드의 스택 트레이스:
 java.base/jdk.internal.misc.Unsafe.park(Native Method)
 java.base/java.util.concurrent.locks.LockSupport.parkNanos(LockSupport.java:269)
 java.base/java.util.concurrent.locks.AbstractQueuedSynchronizer$ConditionObject.await(AbstractQueuedSynchronizer.java:1852)
 java.base/java.lang.ref.ReferenceQueue.await(ReferenceQueue.java:71)
 java.base/java.lang.ref.ReferenceQueue.remove0(ReferenceQueue.java:143)
 java.base/java.lang.ref.ReferenceQueue.remove(ReferenceQueue.java:218)
 com.mysql.cj.jdbc.AbandonedConnectionCleanupThread.run(AbandonedConnectionCleanupThread.java:93)
 java.base/java.util.concurrent.ThreadPoolExecutor.runWorker(ThreadPoolExecutor.java:1144)
 java.base/java.util.concurrent.ThreadPoolExecutor$Worker.run(ThreadPoolExecutor.java:642)
 java.base/java.lang.Thread.run(Thread.java:1583)
13-Aug-2025 09:31:27.106 정보 [Thread-1] org.apache.coyote.AbstractProtocol.stop 프로토콜 핸들러 ["http-nio-8080"]을(를) 중지시킵니다.
13-Aug-2025 09:31:27.130 정보 [Thread-1] org.apache.coyote.AbstractProtocol.destroy 프로토콜 핸들러 ["http-nio-8080"]을(를) 소멸시킵니다.
